number,value,datetime_start,datetime_complete,duration,params_colsample_bytree,params_gamma,params_learning_rate,params_max_depth,params_min_child_weight,params_n_estimators,params_reg_alpha,params_reg_lambda,params_scale_pos_weight,params_subsample,user_attrs_fold_auc,system_attrs_fixed_params,system_attrs_tpe:relative_params:0,state
0,0.8996273174792497,2026-09-08 13:38:12.203651,2026-09-08 13:38:16.118846,0 days 00:00:03.915195,0.9,0.0,0.05,3,5.0,800,0.1,5.0,1.0,0.9,"[0.9030209801923533, 0.896628317544242, 0.9031558229456023, 0.8958793394659335, 0.8994521272481172]","{'n_estimators': 800, 'learning_rate': 0.05, 'max_depth': 3, 'min_child_weight': 5.0, 'subsample': 0.9, 'colsample_bytree': 0.9, 'reg_alpha': 0.1, 'reg_lambda': 5.0, 'gamma': 0.0, 'scale_pos_weight': 1.0}",,COMPLETE
1,0.9030533983656224,2026-09-08 13:38:16.142850,2026-09-08 13:38:20.695014,0 days 00:00:04.552164,0.9,0.0,0.05,5,5.0,800,0.1,5.0,1.0,0.9,"[0.9054456371529473, 0.8988072428403451, 0.9072573598179762, 0.8984070129398791, 0.9053497390769634]","{'n_estimators': 800, 'learning_rate': 0.05, 'max_depth': 5, 'min_child_weight': 5.0, 'subsample': 0.9, 'colsample_bytree': 0.9, 'reg_alpha': 0.1, 'reg_lambda': 5.0, 'gamma': 0.0, 'scale_pos_weight': 1.0}",,COMPLETE
2,0.9024019471924951,2026-09-08 13:38:20.698015,2026-09-08 13:38:25.306036,0 days 00:00:04.608021,0.9,0.0,0.05,5,5.0,800,0.1,5.0,3.5,0.9,"[0.9057605494214046, 0.8971608382903629, 0.9071047892907494, 0.8981094096790854, 0.9038741492808735]","{'n_estimators': 800, 'learning_rate': 0.05, 'max_depth': 5, 'min_child_weight': 5.0, 'subsample': 0.9, 'colsample_bytree': 0.9, 'reg_alpha': 0.1, 'reg_lambda': 5.0, 'gamma': 0.0, 'scale_pos_weight': 3.5}",,COMPLETE
3,0.9033599982331466,2026-09-08 13:38:25.310035,2026-09-08 13:38:29.290519,0 days 00:00:03.980484,0.9,0.0,0.05,4,5.0,800,0.1,5.0,2.0,0.9,"[0.9063797652116864, 0.9013556951112196, 0.9065768645570151, 0.8989234913943522, 0.9035641748914601]","{'n_estimators': 800, 'learning_rate': 0.05, 'max_depth': 4, 'min_child_weight': 5.0, 'subsample': 0.9, 'colsample_bytree': 0.9, 'reg_alpha': 0.1, 'reg_lambda': 5.0, 'gamma': 0.0, 'scale_pos_weight': 2.0}",,COMPLETE
4,0.8921294931840901,2026-09-08 13:38:29.293519,2026-09-08 13:38:33.306890,0 days 00:00:04.013371,0.7467983561008608,0.6011150117432088,0.14601142634292896,6,7.6611007077713635,600,0.00019517224641449495,13.983740016490973,3.832290311184182,0.7468055921327309,"[0.8934017783609488, 0.8893831885879799, 0.8970248049246918, 0.8843280894484848, 0.8965096045983443]",,,COMPLETE
5,0.8968464151317666,2026-09-08 13:38:33.311892,2026-09-08 13:38:35.400634,0 days 00:00:02.088742,0.7550213529560301,0.43194501864211576,0.15130800602103608,6,2.0589728197687913,300,0.0033205591037519565,1.9947354703074498,2.1649165607921677,0.7545474901621302,"[0.901061433018328, 0.8914808960973318, 0.9000092128589177, 0.890701712754226, 0.9009788209300293]",,,COMPLETE
6,0.8972669291203796,2026-09-08 13:38:35.405636,2026-09-08 13:38:39.847830,0 days 00:00:04.442194,0.935552788417904,0.5924145688620425,0.032388972115828064,3,3.4766491505926194,900,0.0009962513222055108,1.8785426399210623,1.185801650879991,0.8368209952651108,"[0.9012900794260109, 0.8955177829274631, 0.9008389285165901, 0.8922941414592611, 0.8963937132725728]",,,COMPLETE
7,0.8828356023656717,2026-09-08 13:38:39.851831,2026-09-08 13:38:43.835335,0 days 00:00:03.983504,0.9425192044349383,0.6842330265121569,0.03430940150526567,2,25.212679047779208,900,0.0033347927286375843,0.17456037635797406,2.760609974958405,0.9896896099223678,"[0.8829213138095172, 0.8819048724810973, 0.888209494828236, 0.8788118203771689, 0.88233051033234]",,,COMPLETE
8,0.8789344572662594,2026-09-08 13:38:43.839336,2026-09-08 13:38:45.719118,0 days 00:00:01.879782,0.8987566853061946,0.5467102793432796,0.06268183720877576,2,22.038218939289873,400,0.003618723330959626,1.9420998251718031,1.7394178221021082,0.777633994480005,"[0.8794187523555603, 0.8783402210296015, 0.8842904004801854, 0.8738901994723545, 0.8787327129935958]",,,COMPLETE
9,0.8897826819454042,2026-09-08 13:38:45.723119,2026-09-08 13:38:54.272649,0 days 00:00:08.549530,0.976562270506935,0.045227288910538066,0.10539901883940385,7,20.978213384576815,1200,0.0002769889922756284,0.3058252321378967,2.3013213230530574,0.8793699936433255,"[0.8893932076103799, 0.8854864094174676, 0.895451081115035, 0.8842876087047558, 0.8942951028793829]",,,COMPLETE
10,0.9008068169270695,2026-09-08 13:38:54.275651,2026-09-08 13:38:58.847818,0 days 00:00:04.572167,0.8628088249474746,0.07455064367977082,0.04137101385726727,6,3.3648671441879534,600,0.0005065486063975355,9.708210658008557,4.947547746402069,0.7842803529062142,"[0.9025315819595472, 0.8975183640114219, 0.9048737419561971, 0.8957551054593169, 0.9033552912488646]",,,COMPLETE
11,0.885366534925614,2026-09-08 13:38:58.851820,2026-09-08 13:39:03.075712,0 days 00:00:04.223892,0.9187021504122962,0.3584657285442726,0.03615268953530735,2,16.015312171361202,1000,0.7183758655813993,0.152551885793314,1.4634762381005189,0.9120572031542851,"[0.8870054020854562, 0.8836666844359647, 0.8897786122084339, 0.88043691285473, 0.8859450630434849]",,,COMPLETE
12,0.9027009168557456,2026-09-08 13:39:03.079712,2026-09-08 13:39:08.116493,0 days 00:00:05.036781,0.7640586857095677,0.04438485589468465,0.03260328664202035,5,3.8203787688458464,900,0.8706540160703133,4.87269576772057,1.5397220353002736,0.903707313094281,"[0.9053925934197853, 0.8985814518111985, 0.9062410139728361, 0.8995092058794789, 0.9037803191954293]",,"{""colsample_bytree"": 0.7640586857095677, ""gamma"": 0.04438485589468465, ""learning_rate"": 0.03260328664202035, ""max_depth"": 5, ""min_child_weight"": 3.8203787688458464, ""n_estimators"": 900, ""reg_alpha"": 0.8706540160703133, ""reg_lambda"": 4.87269576772057, ""scale_pos_weight"": 1.5397220353002736, ""subsample"": 0.903707313094281}",COMPLETE
13,0.9009865145208711,2026-09-08 13:39:08.121493,2026-09-08 13:39:13.526334,0 days 00:00:05.404841,0.8971199693595404,0.2803310879780233,0.059592154974660055,5,4.379988452037252,1000,3.734918591690598,23.746428901259097,1.5229859513427821,0.9476391759100531,"[0.904359915688382, 0.8977869967253322, 0.9050296626139392, 0.8967693574728849, 0.9009866401038163]",,"{""colsample_bytree"": 0.8971199693595404, ""gamma"": 0.2803310879780233, ""learning_rate"": 0.059592154974660055, ""max_depth"": 5, ""min_child_weight"": 4.379988452037252, ""n_estimators"": 1000, ""reg_alpha"": 3.734918591690598, ""reg_lambda"": 23.746428901259097, ""scale_pos_weight"": 1.5229859513427821, ""subsample"": 0.9476391759100531}",COMPLETE
14,0.8901371061452586,2026-09-08 13:39:13.530335,2026-09-08 13:39:16.254793,0 days 00:00:02.724458,0.8647100164221971,0.11193023332925818,0.04045873090852597,3,2.2579345946058087,600,0.04614969807861944,12.076842831308209,1.7993859483258858,0.9703682598171339,"[0.8948861653568587, 0.8885283085851666, 0.8932762880553888, 0.8854300032105418, 0.8885647655183372]",,"{""colsample_bytree"": 0.8647100164221971, ""gamma"": 0.11193023332925818, ""learning_rate"": 0.04045873090852597, ""max_depth"": 3, ""min_child_weight"": 2.2579345946058087, ""n_estimators"": 600, ""reg_alpha"": 0.04614969807861944, ""reg_lambda"": 12.076842831308209, ""scale_pos_weight"": 1.7993859483258858, ""subsample"": 0.9703682598171339}",COMPLETE
15,0.9030880943463233,2026-09-08 13:39:16.258796,2026-09-08 13:39:21.450475,0 days 00:00:05.191679,0.8740978716117498,0.24027362340152789,0.05530516241476222,3,4.2064108548383405,1100,0.17027323662865002,4.109014724084769,2.1757878742813417,0.8091713577701755,"[0.9075185304094139, 0.9005971042370285, 0.9067192451039239, 0.8975330476416478, 0.9030725443396024]",,"{""colsample_bytree"": 0.8740978716117498, ""gamma"": 0.24027362340152789, ""learning_rate"": 0.05530516241476222, ""max_depth"": 3, ""min_child_weight"": 4.2064108548383405, ""n_estimators"": 1100, ""reg_alpha"": 0.17027323662865002, ""reg_lambda"": 4.109014724084769, ""scale_pos_weight"": 2.1757878742813417, ""subsample"": 0.8091713577701755}",COMPLETE
16,0.9025360063956734,2026-09-08 13:39:21.454475,2026-09-08 13:39:24.437653,0 days 00:00:02.983178,0.8265114998850637,0.04075798630142989,0.055678693496119654,4,5.990337068990155,600,0.007335946868609965,3.605609115180562,1.8823691242384892,0.9686331247602395,"[0.9053275450522761, 0.8997492017073039, 0.9058124764443948, 0.8993255070562125, 0.9024653017181796]",,"{""colsample_bytree"": 0.8265114998850637, ""gamma"": 0.04075798630142989, ""learning_rate"": 0.055678693496119654, ""max_depth"": 4, ""min_child_weight"": 5.990337068990155, ""n_estimators"": 600, ""reg_alpha"": 0.007335946868609965, ""reg_lambda"": 3.605609115180562, ""scale_pos_weight"": 1.8823691242384892, ""subsample"": 0.9686331247602395}",COMPLETE
17,0.8972258664658368,2026-09-08 13:39:24.441653,2026-09-08 13:39:28.033563,0 days 00:00:03.591910,0.9127679848908913,0.30230660640693,0.03700410279698035,3,2.703438603493019,800,0.14548859428598962,2.1859946937802177,1.6153303374469667,0.9069043381593105,"[0.901484945350996, 0.8953977703903394, 0.9003107246053129, 0.8920892251427295, 0.8968466668398055]",,"{""colsample_bytree"": 0.9127679848908913, ""gamma"": 0.30230660640693, ""learning_rate"": 0.03700410279698035, ""max_depth"": 3, ""min_child_weight"": 2.703438603493019, ""n_estimators"": 800, ""reg_alpha"": 0.14548859428598962, ""reg_lambda"": 2.1859946937802177, ""scale_pos_weight"": 1.6153303374469667, ""subsample"": 0.9069043381593105}",COMPLETE
18,0.9028836080501798,2026-09-08 13:39:28.037564,2026-09-08 13:39:31.810954,0 days 00:00:03.773390,0.9245428585774492,0.2638184085462201,0.07568316721182534,3,2.032689107775593,800,0.040831557959357674,7.450373995656492,2.8588876026648253,0.8725891129261337,"[0.9068392914473961, 0.9002641392212414, 0.9069506832870364, 0.8979201273049596, 0.9024437989902655]",,"{""colsample_bytree"": 0.9245428585774492, ""gamma"": 0.2638184085462201, ""learning_rate"": 0.07568316721182534, ""max_depth"": 3, ""min_child_weight"": 2.032689107775593, ""n_estimators"": 800, ""reg_alpha"": 0.040831557959357674, ""reg_lambda"": 7.450373995656492, ""scale_pos_weight"": 2.8588876026648253, ""subsample"": 0.8725891129261337}",COMPLETE
19,0.901294621498731,2026-09-08 13:39:31.814954,2026-09-08 13:39:37.149885,0 days 00:00:05.334931,0.8638206070263242,0.10332234154172013,0.06327251629977272,3,8.690204083964895,1100,0.3650771483960933,20.30643871931443,2.2157374996307593,0.82683273896312,"[0.9043708036125574, 0.8983528697928165, 0.9058632867572133, 0.8967112885439494, 0.9011748587871176]",,"{""colsample_bytree"": 0.8638206070263242, ""gamma"": 0.10332234154172013, ""learning_rate"": 0.06327251629977272, ""max_depth"": 3, ""min_child_weight"": 8.690204083964895, ""n_estimators"": 1100, ""reg_alpha"": 0.3650771483960933, ""reg_lambda"": 20.30643871931443, ""scale_pos_weight"": 2.2157374996307593, ""subsample"": 0.82683273896312}",COMPLETE
20,0.9035222720471114,2026-09-08 13:39:37.154887,2026-09-08 13:39:42.587733,0 days 00:00:05.432846,0.79442596776343,0.1909709360597057,0.07487532635398317,3,6.220576292584086,1100,1.0898275606876047,11.114065813973667,2.5367858620681445,0.8608791132284714,"[0.9064319714122197, 0.9008241512113312, 0.9083747679336676, 0.8981713870936221, 0.9038090825847173]",,"{""colsample_bytree"": 0.79442596776343, ""gamma"": 0.1909709360597057, ""learning_rate"": 0.07487532635398317, ""max_depth"": 3, ""min_child_weight"": 6.220576292584086, ""n_estimators"": 1100, ""reg_alpha"": 1.0898275606876047, ""reg_lambda"": 11.114065813973667, ""scale_pos_weight"": 2.5367858620681445, ""subsample"": 0.8608791132284714}",COMPLETE
21,0.8943271587094866,2026-09-08 13:39:42.593734,2026-09-08 13:39:48.242912,0 days 00:00:05.649178,0.7384733800496099,0.1875383474357544,0.06779481159571393,2,5.5808099231964094,1200,7.252760663552082,11.884556358449382,2.1979142165846937,0.8891349782748683,"[0.8980323566772288, 0.8920438386261188, 0.8992216530102317, 0.888975278828571, 0.893362666405283]",,"{""colsample_bytree"": 0.7384733800496099, ""gamma"": 0.1875383474357544, ""learning_rate"": 0.06779481159571393, ""max_depth"": 2, ""min_child_weight"": 5.5808099231964094, ""n_estimators"": 1200, ""reg_alpha"": 7.252760663552082, ""reg_lambda"": 11.884556358449382, ""scale_pos_weight"": 2.1979142165846937, ""subsample"": 0.8891349782748683}",COMPLETE
22,0.8974419636286874,2026-09-08 13:39:48.247913,2026-09-08 13:39:52.289721,0 days 00:00:04.041808,0.7905850175230443,0.24154181083148946,0.09844681559839145,2,10.657453631664211,900,1.4661022530633072,8.543301846410728,1.886683228599404,0.847912902534637,"[0.9005363000600233, 0.8947190018082819, 0.9023462080710227, 0.8931964432781027, 0.8964118649260069]",,"{""colsample_bytree"": 0.7905850175230443, ""gamma"": 0.24154181083148946, ""learning_rate"": 0.09844681559839145, ""max_depth"": 2, ""min_child_weight"": 10.657453631664211, ""n_estimators"": 900, ""reg_alpha"": 1.4661022530633072, ""reg_lambda"": 8.543301846410728, ""scale_pos_weight"": 1.886683228599404, ""subsample"": 0.847912902534637}",COMPLETE
23,0.8974711966966922,2026-09-08 13:39:52.293722,2026-09-08 13:39:57.543419,0 days 00:00:05.249697,0.8402541146906074,0.26039229309439266,0.07044386774064158,2,4.372043778006463,1200,2.677622196690285,3.845181036700139,1.2622591848792477,0.8570089158870796,"[0.9006105612864501, 0.8950059155016845, 0.9016499392788844, 0.892838816845573, 0.8972507505708696]",,"{""colsample_bytree"": 0.8402541146906074, ""gamma"": 0.26039229309439266, ""learning_rate"": 0.07044386774064158, ""max_depth"": 2, ""min_child_weight"": 4.372043778006463, ""n_estimators"": 1200, ""reg_alpha"": 2.677622196690285, ""reg_lambda"": 3.845181036700139, ""scale_pos_weight"": 1.2622591848792477, ""subsample"": 0.8570089158870796}",COMPLETE
24,0.8943220631845239,2026-09-08 13:39:57.547420,2026-09-08 13:40:02.472041,0 days 00:00:04.924621,0.8258745539792135,0.03500926709748178,0.05502011450494692,2,4.779495241333452,1100,0.6925738119769338,3.4353920145099193,1.5951496647177228,0.8783585599525048,"[0.8976442998925167, 0.8914278673018585, 0.8978997473443238, 0.8901668085819177, 0.8944715928020037]",,"{""colsample_bytree"": 0.8258745539792135, ""gamma"": 0.03500926709748178, ""learning_rate"": 0.05502011450494692, ""max_depth"": 2, ""min_child_weight"": 4.779495241333452, ""n_estimators"": 1100, ""reg_alpha"": 0.6925738119769338, ""reg_lambda"": 3.4353920145099193, ""scale_pos_weight"": 1.5951496647177228, ""subsample"": 0.8783585599525048}",COMPLETE
25,0.9015835732801236,2026-09-08 13:40:02.477043,2026-09-08 13:40:07.408584,0 days 00:00:04.931541,0.867998122841973,0.34676308257609045,0.04655902089700808,3,6.59358865377389,1100,0.09605392495277336,7.768196180478539,1.8150471568590114,0.864057407904062,"[0.9049311129412752, 0.8989663292267648, 0.9058412317313196, 0.8963371906363852, 0.901842001864873]",,"{""colsample_bytree"": 0.867998122841973, ""gamma"": 0.34676308257609045, ""learning_rate"": 0.04655902089700808, ""max_depth"": 3, ""min_child_weight"": 6.59358865377389, ""n_estimators"": 1100, ""reg_alpha"": 0.09605392495277336, ""reg_lambda"": 7.768196180478539, ""scale_pos_weight"": 1.8150471568590114, ""subsample"": 0.864057407904062}",COMPLETE
26,0.9025309461178523,2026-09-08 13:40:07.413585,2026-09-08 13:40:11.422723,0 days 00:00:04.009138,0.783345819635524,0.19291733911202616,0.06411177699661451,3,4.782081780173061,900,1.4360845987316595,12.729904781873831,3.039308316494121,0.9014323671046214,"[0.9059001381928836, 0.899315761079041, 0.9068705593322073, 0.8981680369631067, 0.9024002350220236]",,"{""colsample_bytree"": 0.783345819635524, ""gamma"": 0.19291733911202616, ""learning_rate"": 0.06411177699661451, ""max_depth"": 3, ""min_child_weight"": 4.782081780173061, ""n_estimators"": 900, ""reg_alpha"": 1.4360845987316595, ""reg_lambda"": 12.729904781873831, ""scale_pos_weight"": 3.039308316494121, ""subsample"": 0.9014323671046214}",COMPLETE
27,0.9035679085632367,2026-09-08 13:40:11.427724,2026-09-08 13:40:17.804655,0 days 00:00:06.376931,0.8379329288780953,0.22967005104718935,0.051305521162816205,4,4.111701394513277,1200,0.06181713739821975,5.213420222885021,2.630203280834108,0.8181726929956158,"[0.9060162760507545, 0.9016529354647932, 0.9071745836764892, 0.8985178464244337, 0.9044779011997126]",,"{""colsample_bytree"": 0.8379329288780953, ""gamma"": 0.22967005104718935, ""learning_rate"": 0.051305521162816205, ""max_depth"": 4, ""min_child_weight"": 4.111701394513277, ""n_estimators"": 1200, ""reg_alpha"": 0.06181713739821975, ""reg_lambda"": 5.213420222885021, ""scale_pos_weight"": 2.630203280834108, ""subsample"": 0.8181726929956158}",COMPLETE
28,0.8990358745407212,2026-09-08 13:40:17.809656,2026-09-08 13:40:22.074846,0 days 00:00:04.265190,0.7846374494174534,0.03547877944751862,0.08376962926461985,2,7.393675528563556,1000,0.3006389681080714,2.209359036462922,2.7173779016180886,0.8579839597400265,"[0.9026376694258714, 0.8965032812264946, 0.9031284635463923, 0.8941727271458284, 0.89873723135902]",,"{""colsample_bytree"": 0.7846374494174534, ""gamma"": 0.03547877944751862, ""learning_rate"": 0.08376962926461985, ""max_depth"": 2, ""min_child_weight"": 7.393675528563556, ""n_estimators"": 1000, ""reg_alpha"": 0.3006389681080714, ""reg_lambda"": 2.209359036462922, ""scale_pos_weight"": 2.7173779016180886, ""subsample"": 0.8579839597400265}",COMPLETE
29,0.9046727853083315,2026-09-08 13:40:22.079847,2026-09-08 13:40:28.724943,0 days 00:00:06.645096,0.8702050470142777,0.008911743386941978,0.07415805824053914,3,4.369944120084866,1200,0.042260114069201264,6.075700989710291,2.588304190635817,0.8414902506684043,"[0.9087926967154761, 0.9015276200481224, 0.9089829562110024, 0.899146833428719, 0.904913820138338]",,"{""colsample_bytree"": 0.8702050470142777, ""gamma"": 0.008911743386941978, ""learning_rate"": 0.07415805824053914, ""max_depth"": 3, ""min_child_weight"": 4.369944120084866, ""n_estimators"": 1200, ""reg_alpha"": 0.042260114069201264, ""reg_lambda"": 6.075700989710291, ""scale_pos_weight"": 2.588304190635817, ""subsample"": 0.8414902506684043}",COMPLETE
30,0.904379837603303,2026-09-08 13:40:28.729944,2026-09-08 13:40:35.718628,0 days 00:00:06.988684,0.8261597208769582,0.14793379463751938,0.05944550398126995,3,2.4244907682933534,1200,0.3256777244114414,3.645509163789771,1.7712570384490904,0.8042076770902509,"[0.908136071134438, 0.9013054573049817, 0.9086637166906295, 0.8992213738326889, 0.9045725690537767]",,"{""colsample_bytree"": 0.8261597208769582, ""gamma"": 0.14793379463751938, ""learning_rate"": 0.05944550398126995, ""max_depth"": 3, ""min_child_weight"": 2.4244907682933534, ""n_estimators"": 1200, ""reg_alpha"": 0.3256777244114414, ""reg_lambda"": 3.645509163789771, ""scale_pos_weight"": 1.7712570384490904, ""subsample"": 0.8042076770902509}",COMPLETE
31,0.9042630802143931,2026-09-08 13:40:35.725630,2026-09-08 13:40:41.990718,0 days 00:00:06.265088,0.8621286317753294,0.016318486201478494,0.06381432702011326,3,9.310102764213452,1200,0.01582752616516823,4.560205985297288,2.523850810060343,0.8151648556622165,"[0.9077505269476125, 0.9010835736607649, 0.90890157595723, 0.8993238319909547, 0.9042558925154031]",,"{""colsample_bytree"": 0.8621286317753294, ""gamma"": 0.016318486201478494, ""learning_rate"": 0.06381432702011326, ""max_depth"": 3, ""min_child_weight"": 9.310102764213452, ""n_estimators"": 1200, ""reg_alpha"": 0.01582752616516823, ""reg_lambda"": 4.560205985297288, ""scale_pos_weight"": 2.523850810060343, ""subsample"": 0.8151648556622165}",COMPLETE
32,0.903591749593961,2026-09-08 13:40:41.994719,2026-09-08 13:40:48.206386,0 days 00:00:06.211667,0.8309430466665306,0.19110318132454385,0.06127535733390835,3,6.966461065683267,1100,0.03449265307130568,5.876421553077341,2.7618163611687336,0.8149654899750401,"[0.9075685031896034, 0.9001703619829309, 0.907748712293583, 0.8989932857800919, 0.9034778847235965]",,"{""colsample_bytree"": 0.8309430466665306, ""gamma"": 0.19110318132454385, ""learning_rate"": 0.06127535733390835, ""max_depth"": 3, ""min_child_weight"": 6.966461065683267, ""n_estimators"": 1100, ""reg_alpha"": 0.03449265307130568, ""reg_lambda"": 5.876421553077341, ""scale_pos_weight"": 2.7618163611687336, ""subsample"": 0.8149654899750401}",COMPLETE
33,0.90137279829533,2026-09-08 13:40:48.212387,2026-09-08 13:40:53.291952,0 days 00:00:05.079565,0.8878851062583405,0.05382621614934548,0.10023404480987519,2,6.625667486278681,1200,0.050821170925862615,4.895651669719396,2.4370387572554324,0.7745915932741203,"[0.9043625678750402, 0.8992484982384673, 0.9054716006644427, 0.8960806264744064, 0.9017006982242936]",,"{""colsample_bytree"": 0.8878851062583405, ""gamma"": 0.05382621614934548, ""learning_rate"": 0.10023404480987519, ""max_depth"": 2, ""min_child_weight"": 6.625667486278681, ""n_estimators"": 1200, ""reg_alpha"": 0.050821170925862615, ""reg_lambda"": 4.895651669719396, ""scale_pos_weight"": 2.4370387572554324, ""subsample"": 0.7745915932741203}",COMPLETE
34,0.9029588219114331,2026-09-08 13:40:53.296954,2026-09-08 13:40:58.754659,0 days 00:00:05.457705,0.826205867155629,0.14398695247622736,0.04880338518535517,3,6.121916334144123,1200,0.09376349970086724,4.452395802459789,3.3930770644564774,0.7945896132872435,"[0.9068212844958752, 0.9000617925016725, 0.9068641382487194, 0.8982489984505646, 0.9027978958603339]",,"{""colsample_bytree"": 0.826205867155629, ""gamma"": 0.14398695247622736, ""learning_rate"": 0.04880338518535517, ""max_depth"": 3, ""min_child_weight"": 6.121916334144123, ""n_estimators"": 1200, ""reg_alpha"": 0.09376349970086724, ""reg_lambda"": 4.452395802459789, ""scale_pos_weight"": 3.3930770644564774, ""subsample"": 0.7945896132872435}",COMPLETE
